<?xml version="1.0" encoding="UTF-8"?>
<!-- Generated by org.testng.reporters.JUnitXMLReporter -->
<testsuite ignored="38" hostname="max" failures="1" tests="42" name="main " time="1343.587" errors="0" timestamp="2021-01-17T14:43:14 EET">
  <testcase classname="anonymousUserTests.LanguageTest" name="openHomepageInENGLISHlanguage" time="6.225"/>
  <testcase classname="loginUserTests.SignIn" name="userCanSigiIn" time="10.634"/>
  <testcase classname="assessmentsTests.Assessment_Report" name="openAssessmentReportsPage" time="2.056"/>
  <testcase classname="assessmentsTests.Assessment_Report" name="viewReports" time="9.339"/>
  <testcase classname="examsTests.Exams_Report" name="openExamReports" time="1.308"/>
  <testcase classname="examsTests.Exams_Report" name="viewReports" time="4.174"/>
  <testcase classname="worksheetTest.View_Worksheet_Reports" name="openWorksheetReports" time="1.174"/>
  <testcase classname="worksheetTest.View_Worksheet_Reports" name="viewReports" time="51.212"/>
  <testcase classname="classesTests.ClassesTest" name="openclassespage" time="2.626"/>
  <testcase classname="classesTests.ClassesTest" name="openfirstclass" time="7.713"/>
  <testcase classname="classesTests.ClassesTest" name="opensecondclass" time="4.008"/>
  <testcase classname="classesTests.ClassesTest" name="openfourthclass" time="4.488"/>
  <testcase classname="loginUserTests.Download_File_From_Class" name="openclassespage" time="0.652"/>
  <testcase classname="loginUserTests.Download_File_From_Class" name="openthirdclass" time="7.387"/>
  <testcase classname="classesTests.PlayVideoPostTest" name="openclassespage" time="0.708">
    <failure type="java.lang.AssertionError" message="expected [true] but found [false]">
        <![CDATA[java.lang.AssertionError: expected [true] but found [false]
at classesTests.PlayVideoPostTest.openclassespage(Play_video_from_classes_posts.java:19)
at java.base/java.util.ArrayList.forEach(ArrayList.java:1510)
... Removed 31 stack frames]]>
    </failure>
  </testcase> <!-- openclassespage -->
  <testcase classname="classesTests.PlayVideoPostTest" name="openthirdclass" time="30.934"/>
  <testcase classname="coursesTests.CoursesTest" name="openCoursesPage" time="5.856"/>
  <testcase classname="coursesTests.CoursesTest" name="openFirstCoursecontent" time="4.589"/>
  <testcase classname="coursesTests.CoursesTest" name="openSecondCourseContent" time="6.955"/>
  <testcase classname="coursesTests.LessonTest" name="openCoursesPage" time="2.533"/>
  <testcase classname="coursesTests.LessonTest" name="openFirstCoursecontent" time="2.805"/>
  <testcase classname="coursesTests.LessonTest" name="openlessoncontent" time="3.943"/>
  <testcase classname="loginUserTests.Switch_between_lesson_content" name="openCoursesPage" time="3.481"/>
  <testcase classname="loginUserTests.Switch_between_lesson_content" name="openFirstCoursecontent" time="4.462"/>
  <testcase classname="loginUserTests.Switch_between_lesson_content" name="openlessoncontent" time="15.735"/>
  <testcase classname="loginUserTests.Switch_between_lesson_content" name="switchBetweenLessonContent" time="58.345"/>
  <testcase classname="loginUserTests.Play_Lesson_Video" name="openCoursesPage" time="2.891"/>
  <testcase classname="loginUserTests.Play_Lesson_Video" name="openFirstCoursecontent" time="4.536"/>
  <testcase classname="loginUserTests.Play_Lesson_Video" name="openlessoncontent" time="12.023"/>
  <testcase classname="loginUserTests.Play_Lesson_Video" name="playLessonVideo" time="44.603"/>
  <testcase classname="loginUserTests.View_Worksheet_of_Lesson_Content" name="openCoursesPage" time="28.114"/>
  <testcase classname="loginUserTests.View_Worksheet_of_Lesson_Content" name="openFirstCoursecontent" time="12.643"/>
  <testcase classname="loginUserTests.View_Worksheet_of_Lesson_Content" name="openlessoncontent" time="5.766"/>
  <testcase classname="loginUserTests.View_Worksheet_of_Lesson_Content" name="viewWorksheetofLesson" time="10.192"/>
  <testcase classname="assessmentsTests.View_Assessment_list" name="openAssessmentListPage" time="9.133"/>
  <testcase classname="assessmentsTests.MCQ_Editing" name="openassessment" time="29.144"/>
  <testcase classname="assessmentsTests.MCQ_Editing" name="assessmentsolving" time="245.851"/>
  <testcase classname="assessmentsTests.FREE_FORM_Editing" name="openassessment" time="23.71"/>
  <testcase classname="assessmentsTests.FREE_FORM_Editing" name="assessmentsolving" time="225.589"/>
  <testcase classname="assessmentsTests.FRQ_Editing" name="openassessment" time="16.146"/>
  <testcase classname="assessmentsTests.FRQ_Editing" name="editfrq" time="417.316"/>
  <testcase classname="loginUserTests.SignOutTest" name="userCanSignOut" time="1.791"/>
  <testcase classname="anonymousUserTests.LanguageTest" name="openHomepageInPortugueslanguage" time="0.0">
    <ignored/>
  </testcase> <!-- openHomepageInPortugueslanguage -->
  <testcase classname="anonymousUserTests.LanguageTest" name="openHomepageInARABIClanguage" time="0.0">
    <ignored/>
  </testcase> <!-- openHomepageInARABIClanguage -->
  <testcase classname="loginUserTests.TestBase" name="@BeforeSuite startDriver" time="0.0">
    <ignored/>
  </testcase> <!-- @BeforeSuite startDriver -->
  <testcase classname="loginUserTests.TestBase" name="@BeforeSuite startDriver" time="0.0">
    <ignored/>
  </testcase> <!-- @BeforeSuite startDriver -->
  <testcase classname="loginUserTests.TestBase" name="@BeforeSuite startDriver" time="0.0">
    <ignored/>
  </testcase> <!-- @BeforeSuite startDriver -->
  <testcase classname="loginUserTests.TestBase" name="@BeforeSuite startDriver" time="0.0">
    <ignored/>
  </testcase> <!-- @BeforeSuite startDriver -->
  <testcase classname="loginUserTests.TestBase" name="@BeforeSuite startDriver" time="0.0">
    <ignored/>
  </testcase> <!-- @BeforeSuite startDriver -->
  <testcase classname="loginUserTests.TestBase" name="@BeforeSuite startDriver" time="0.0">
    <ignored/>
  </testcase> <!-- @BeforeSuite startDriver -->
  <testcase classname="loginUserTests.TestBase" name="@BeforeSuite startDriver" time="0.0">
    <ignored/>
  </testcase> <!-- @BeforeSuite startDriver -->
  <testcase classname="loginUserTests.TestBase" name="@BeforeSuite startDriver" time="0.0">
    <ignored/>
  </testcase> <!-- @BeforeSuite startDriver -->
  <testcase classname="loginUserTests.TestBase" name="@BeforeSuite startDriver" time="0.0">
    <ignored/>
  </testcase> <!-- @BeforeSuite startDriver -->
  <testcase classname="loginUserTests.TestBase" name="@BeforeSuite startDriver" time="0.0">
    <ignored/>
  </testcase> <!-- @BeforeSuite startDriver -->
  <testcase classname="loginUserTests.TestBase" name="@BeforeSuite startDriver" time="0.0">
    <ignored/>
  </testcase> <!-- @BeforeSuite startDriver -->
  <testcase classname="loginUserTests.TestBase" name="@BeforeSuite startDriver" time="0.0">
    <ignored/>
  </testcase> <!-- @BeforeSuite startDriver -->
  <testcase classname="loginUserTests.TestBase" name="@BeforeSuite startDriver" time="0.0">
    <ignored/>
  </testcase> <!-- @BeforeSuite startDriver -->
  <testcase classname="loginUserTests.TestBase" name="@BeforeSuite startDriver" time="0.0">
    <ignored/>
  </testcase> <!-- @BeforeSuite startDriver -->
  <testcase classname="loginUserTests.TestBase" name="@BeforeSuite startDriver" time="0.0">
    <ignored/>
  </testcase> <!-- @BeforeSuite startDriver -->
  <testcase classname="loginUserTests.TestBase" name="@BeforeSuite startDriver" time="0.0">
    <ignored/>
  </testcase> <!-- @BeforeSuite startDriver -->
  <testcase classname="loginUserTests.TestBase" name="@BeforeSuite startDriver" time="0.0">
    <ignored/>
  </testcase> <!-- @BeforeSuite startDriver -->
  <testcase classname="loginUserTests.TestBase" name="@AfterSuite closeDriver" time="0.0">
    <ignored/>
  </testcase> <!-- @AfterSuite closeDriver -->
  <testcase classname="loginUserTests.TestBase" name="@AfterSuite closeDriver" time="0.0">
    <ignored/>
  </testcase> <!-- @AfterSuite closeDriver -->
  <testcase classname="loginUserTests.TestBase" name="@AfterSuite closeDriver" time="0.0">
    <ignored/>
  </testcase> <!-- @AfterSuite closeDriver -->
  <testcase classname="loginUserTests.TestBase" name="@AfterSuite closeDriver" time="0.0">
    <ignored/>
  </testcase> <!-- @AfterSuite closeDriver -->
  <testcase classname="loginUserTests.TestBase" name="@AfterSuite closeDriver" time="0.0">
    <ignored/>
  </testcase> <!-- @AfterSuite closeDriver -->
  <testcase classname="loginUserTests.TestBase" name="@AfterSuite closeDriver" time="0.0">
    <ignored/>
  </testcase> <!-- @AfterSuite closeDriver -->
  <testcase classname="loginUserTests.TestBase" name="@AfterSuite closeDriver" time="0.0">
    <ignored/>
  </testcase> <!-- @AfterSuite closeDriver -->
  <testcase classname="loginUserTests.TestBase" name="@AfterSuite closeDriver" time="0.0">
    <ignored/>
  </testcase> <!-- @AfterSuite closeDriver -->
  <testcase classname="loginUserTests.TestBase" name="@AfterSuite closeDriver" time="0.0">
    <ignored/>
  </testcase> <!-- @AfterSuite closeDriver -->
  <testcase classname="loginUserTests.TestBase" name="@AfterSuite closeDriver" time="0.0">
    <ignored/>
  </testcase> <!-- @AfterSuite closeDriver -->
  <testcase classname="loginUserTests.TestBase" name="@AfterSuite closeDriver" time="0.0">
    <ignored/>
  </testcase> <!-- @AfterSuite closeDriver -->
  <testcase classname="loginUserTests.TestBase" name="@AfterSuite closeDriver" time="0.0">
    <ignored/>
  </testcase> <!-- @AfterSuite closeDriver -->
  <testcase classname="loginUserTests.TestBase" name="@AfterSuite closeDriver" time="0.0">
    <ignored/>
  </testcase> <!-- @AfterSuite closeDriver -->
  <testcase classname="loginUserTests.TestBase" name="@AfterSuite closeDriver" time="0.0">
    <ignored/>
  </testcase> <!-- @AfterSuite closeDriver -->
  <testcase classname="loginUserTests.TestBase" name="@AfterSuite closeDriver" time="0.0">
    <ignored/>
  </testcase> <!-- @AfterSuite closeDriver -->
  <testcase classname="loginUserTests.TestBase" name="@AfterSuite closeDriver" time="0.0">
    <ignored/>
  </testcase> <!-- @AfterSuite closeDriver -->
  <testcase classname="loginUserTests.TestBase" name="@AfterSuite closeDriver" time="0.0">
    <ignored/>
  </testcase> <!-- @AfterSuite closeDriver -->
  <testcase classname="anonymousUserTests.LanguageTest" name="openHomepageInEspanollanguage" time="0.0">
    <ignored/>
  </testcase> <!-- openHomepageInEspanollanguage -->
  <testcase classname="anonymousUserTests.LanguageTest" name="openHomepageInFrancaislanguage" time="0.0">
    <ignored/>
  </testcase> <!-- openHomepageInFrancaislanguage -->
</testsuite> <!-- main  -->
