<?xml version="1.0" encoding="UTF-8"?>
<!-- Generated by org.testng.reporters.JUnitXMLReporter -->
<testsuite ignored="10" hostname="max" failures="1" tests="7" name="Regression test before sign in " time="107.538" errors="0" timestamp="2020-07-27T14:44:32 EET">
  <testcase classname="anonymousUserTests.LanguageTest" name="openHomepageInENGLISHlanguage" time="3.402"/>
  <testcase classname="anonymousUserTests.GradesTest" name="opengradespage" time="1.448"/>
  <testcase classname="anonymousUserTests.GradesTest" name="openlinksinsidegrades" time="60.33"/>
  <testcase classname="anonymousUserTests.PortalsTest" name="openportalpage" time="4.067"/>
  <testcase classname="anonymousUserTests.PortalsTest" name="viewportalpage" time="25.769"/>
  <testcase classname="anonymousUserTests.PortalsTest" name="getportalfromnagwa" time="1.323"/>
  <testcase classname="anonymousUserTests.AboutUsTest" name="aboutUsTest" time="11.108">
    <failure type="org.openqa.selenium.NoSuchElementException" message="Cannot locate an element using link text=About Us
For documentation on this error, please visit: https://selenium.dev/exceptions/#no_such_element
Build info: version: &amp;apos;4.0.0-alpha-5&amp;apos;, revision: &amp;apos;b3a0d621cc&amp;apos;
System info: host: &amp;apos;MAX&amp;apos;, ip: &amp;apos;192.168.56.1&amp;apos;, os.name: &amp;apos;Windows 10&amp;apos;, os.arch: &amp;apos;amd64&amp;apos;, os.version: &amp;apos;10.0&amp;apos;, java.version: &amp;apos;14.0.1&amp;apos;
Driver info: driver.version: RemoteWebDriver">
        <![CDATA[org.openqa.selenium.NoSuchElementException: Cannot locate an element using link text=About Us
For documentation on this error, please visit: https://selenium.dev/exceptions/#no_such_element
Build info: version: '4.0.0-alpha-5', revision: 'b3a0d621cc'
System info: host: 'MAX', ip: '192.168.56.1', os.name: 'Windows 10', os.arch: 'amd64', os.version: '10.0', java.version: '14.0.1'
Driver info: driver.version: RemoteWebDriver
at org.openqa.selenium.remote.RemoteWebDriver.findElement(RemoteWebDriver.java:336)
at org.openqa.selenium.remote.RemoteWebDriver.findElementByLinkText(RemoteWebDriver.java:391)
at org.openqa.selenium.By$ByLinkText.findElement(By.java:233)
at org.openqa.selenium.remote.RemoteWebDriver.findElement(RemoteWebDriver.java:325)
at org.openqa.selenium.support.pagefactory.DefaultElementLocator.findElement(DefaultElementLocator.java:70)
at org.openqa.selenium.support.pagefactory.internal.LocatingElementHandler.invoke(LocatingElementHandler.java:39)
at com.sun.proxy.$Proxy18.click(Unknown Source)
at pages.PageBase.clickon(PageBase.java:27)
at pages.P002_HomePage.openaboutuspage(BE_HomePage.java:120)
at anonymousUserTests.AboutUsTest.aboutUsTest(BE_AboutusTest.java:20)
at java.base/java.util.ArrayList.forEach(ArrayList.java:1510)
... Removed 27 stack frames]]>
    </failure>
  </testcase> <!-- aboutUsTest -->
  <testcase classname="tests.TestBase" name="@BeforeSuite startDriver" time="0.0">
    <ignored/>
  </testcase> <!-- @BeforeSuite startDriver -->
  <testcase classname="tests.TestBase" name="@BeforeSuite startDriver" time="0.0">
    <ignored/>
  </testcase> <!-- @BeforeSuite startDriver -->
  <testcase classname="tests.TestBase" name="@BeforeSuite startDriver" time="0.0">
    <ignored/>
  </testcase> <!-- @BeforeSuite startDriver -->
  <testcase classname="anonymousUserTests.LanguageTest" name="openHomepageInPortugueslanguage" time="0.0">
    <ignored/>
  </testcase> <!-- openHomepageInPortugueslanguage -->
  <testcase classname="anonymousUserTests.LanguageTest" name="openHomepageInARABIClanguage" time="0.0">
    <ignored/>
  </testcase> <!-- openHomepageInARABIClanguage -->
  <testcase classname="tests.TestBase" name="@AfterSuite closeDriver" time="0.0">
    <ignored/>
  </testcase> <!-- @AfterSuite closeDriver -->
  <testcase classname="tests.TestBase" name="@AfterSuite closeDriver" time="0.0">
    <ignored/>
  </testcase> <!-- @AfterSuite closeDriver -->
  <testcase classname="tests.TestBase" name="@AfterSuite closeDriver" time="0.0">
    <ignored/>
  </testcase> <!-- @AfterSuite closeDriver -->
  <testcase classname="anonymousUserTests.LanguageTest" name="openHomepageInFrancaislanguage" time="0.0">
    <ignored/>
  </testcase> <!-- openHomepageInFrancaislanguage -->
  <testcase classname="anonymousUserTests.LanguageTest" name="openHomepageInEspanollanguage" time="0.0">
    <ignored/>
  </testcase> <!-- openHomepageInEspanollanguage -->
</testsuite> <!-- Regression test before sign in  -->
