<?xml version="1.0" encoding="UTF-8"?>
<!-- Generated by org.testng.reporters.JUnitReportReporter -->
<testsuite hostname="max" failures="0" tests="29" name="tests.BE_UserGiudeTest" time="0.027" errors="2" timestamp="2020-07-20T14:07:43 EET" skipped="27">
  <testcase classname="tests.BE_UserGiudeTest" name="openusergiudepage" time="0.006">
    <error message="no such window: target window already closed
from unknown error: web view not found
  (Session info: chrome=83.0.4103.116)
Build info: version: &#039;4.0.0-alpha-5&#039;, revision: &#039;b3a0d621cc&#039;
System info: host: &#039;MAX&#039;, ip: &#039;192.168.56.1&#039;, os.name: &#039;Windows 10&#039;, os.arch: &#039;amd64&#039;, os.version: &#039;10.0&#039;, java.version: &#039;14.0.1&#039;
Driver info: org.openqa.selenium.chrome.ChromeDriver
Capabilities {acceptInsecureCerts: false, browserName: chrome, browserVersion: 83.0.4103.116, chrome: {chromedriverVersion: 83.0.4103.39 (ccbf011cb2d2b..., userDataDir: C:\Users\max\AppData\Local\...}, goog:chromeOptions: {debuggerAddress: localhost:65509}, javascriptEnabled: true, networkConnectionEnabled: false, pageLoadStrategy: normal, platform: WINDOWS, platformName: WINDOWS, proxy: Proxy(), setWindowRect: true, strictFileInteractability: false, timeouts: {implicit: 0, pageLoad: 300000, script: 30000}, unhandledPromptBehavior: dismiss and notify, webauthn:virtualAuthenticators: true}
Session ID: 0ab1d86dc3f8e75a2d28d5b15c94da20
*** Element info: {Using=xpath, value=/html/body/header/div[2]/div/div[3]/ul/li/a}" type="org.openqa.selenium.NoSuchWindowException">
        <![CDATA[org.openqa.selenium.NoSuchWindowException: no such window: target window already closed
from unknown error: web view not found
  (Session info: chrome=83.0.4103.116)
Build info: version: '4.0.0-alpha-5', revision: 'b3a0d621cc'
System info: host: 'MAX', ip: '192.168.56.1', os.name: 'Windows 10', os.arch: 'amd64', os.version: '10.0', java.version: '14.0.1'
Driver info: org.openqa.selenium.chrome.ChromeDriver
Capabilities {acceptInsecureCerts: false, browserName: chrome, browserVersion: 83.0.4103.116, chrome: {chromedriverVersion: 83.0.4103.39 (ccbf011cb2d2b..., userDataDir: C:\Users\max\AppData\Local\...}, goog:chromeOptions: {debuggerAddress: localhost:65509}, javascriptEnabled: true, networkConnectionEnabled: false, pageLoadStrategy: normal, platform: WINDOWS, platformName: WINDOWS, proxy: Proxy(), setWindowRect: true, strictFileInteractability: false, timeouts: {implicit: 0, pageLoad: 300000, script: 30000}, unhandledPromptBehavior: dismiss and notify, webauthn:virtualAuthenticators: true}
Session ID: 0ab1d86dc3f8e75a2d28d5b15c94da20
*** Element info: {Using=xpath, value=/html/body/header/div[2]/div/div[3]/ul/li/a}
at java.base/jdk.internal.reflect.NativeConstructorAccessorImpl.newInstance0(Native Method)
at java.base/jdk.internal.reflect.NativeConstructorAccessorImpl.newInstance(NativeConstructorAccessorImpl.java:62)
at java.base/jdk.internal.reflect.DelegatingConstructorAccessorImpl.newInstance(DelegatingConstructorAccessorImpl.java:45)
at java.base/java.lang.reflect.Constructor.newInstanceWithCaller(Constructor.java:500)
at java.base/java.lang.reflect.Constructor.newInstance(Constructor.java:481)
at org.openqa.selenium.remote.codec.w3c.W3CHttpResponseCodec.createException(W3CHttpResponseCodec.java:196)
at org.openqa.selenium.remote.codec.w3c.W3CHttpResponseCodec.decode(W3CHttpResponseCodec.java:129)
at org.openqa.selenium.remote.codec.w3c.W3CHttpResponseCodec.decode(W3CHttpResponseCodec.java:53)
at org.openqa.selenium.remote.HttpCommandExecutor.execute(HttpCommandExecutor.java:161)
at org.openqa.selenium.remote.service.DriverCommandExecutor.execute(DriverCommandExecutor.java:83)
at org.openqa.selenium.remote.RemoteWebDriver.execute(RemoteWebDriver.java:582)
at org.openqa.selenium.remote.RemoteWebDriver.findElement(RemoteWebDriver.java:333)
at org.openqa.selenium.remote.RemoteWebDriver.findElementByXPath(RemoteWebDriver.java:451)
at org.openqa.selenium.By$ByXPath.findElement(By.java:394)
at org.openqa.selenium.remote.RemoteWebDriver.findElement(RemoteWebDriver.java:325)
at org.openqa.selenium.support.pagefactory.DefaultElementLocator.findElement(DefaultElementLocator.java:70)
at org.openqa.selenium.support.pagefactory.internal.LocatingElementHandler.invoke(LocatingElementHandler.java:39)
at com.sun.proxy.$Proxy18.click(Unknown Source)
at pages.PageBase.clickon(PageBase.java:27)
at pages.P002_HomePage.openUserGiudePage(BE_HomePage.java:39)
at tests.BE_UserGiudeTest.openusergiudepage(BE_UserGiudeTest.java:19)
at java.base/jdk.internal.reflect.NativeMethodAccessorImpl.invoke0(Native Method)
at java.base/jdk.internal.reflect.NativeMethodAccessorImpl.invoke(NativeMethodAccessorImpl.java:62)
at java.base/jdk.internal.reflect.DelegatingMethodAccessorImpl.invoke(DelegatingMethodAccessorImpl.java:43)
at java.base/java.lang.reflect.Method.invoke(Method.java:564)
at org.testng.internal.MethodInvocationHelper.invokeMethod(MethodInvocationHelper.java:134)
at org.testng.internal.TestInvoker.invokeMethod(TestInvoker.java:597)
at org.testng.internal.TestInvoker.invokeTestMethod(TestInvoker.java:173)
at org.testng.internal.MethodRunner.runInSequence(MethodRunner.java:46)
at org.testng.internal.TestInvoker$MethodInvocationAgent.invoke(TestInvoker.java:816)
at org.testng.internal.TestInvoker.invokeTestMethods(TestInvoker.java:146)
at org.testng.internal.TestMethodWorker.invokeTestMethods(TestMethodWorker.java:146)
at org.testng.internal.TestMethodWorker.run(TestMethodWorker.java:128)
at java.base/java.util.ArrayList.forEach(ArrayList.java:1510)
at org.testng.TestRunner.privateRun(TestRunner.java:766)
at org.testng.TestRunner.run(TestRunner.java:587)
at org.testng.SuiteRunner.runTest(SuiteRunner.java:384)
at org.testng.SuiteRunner.runSequentially(SuiteRunner.java:378)
at org.testng.SuiteRunner.privateRun(SuiteRunner.java:337)
at org.testng.SuiteRunner.run(SuiteRunner.java:286)
at org.testng.SuiteRunnerWorker.runSuite(SuiteRunnerWorker.java:53)
at org.testng.SuiteRunnerWorker.run(SuiteRunnerWorker.java:96)
at org.testng.TestNG.runSuitesSequentially(TestNG.java:1187)
at org.testng.TestNG.runSuitesLocally(TestNG.java:1109)
at org.testng.TestNG.runSuites(TestNG.java:1039)
at org.testng.TestNG.run(TestNG.java:1007)
at org.testng.remote.AbstractRemoteTestNG.run(AbstractRemoteTestNG.java:115)
at org.testng.remote.RemoteTestNG.initAndRun(RemoteTestNG.java:251)
at org.testng.remote.RemoteTestNG.main(RemoteTestNG.java:77)
]]>
    </error>
  </testcase> <!-- openusergiudepage -->
  <system-out/>
  <testcase classname="tests.BE_UserGiudeTest" name="screenshotFailure" time="0.020">
    <error message="no such window: target window already closed
from unknown error: web view not found
  (Session info: chrome=83.0.4103.116)
Build info: version: &#039;4.0.0-alpha-5&#039;, revision: &#039;b3a0d621cc&#039;
System info: host: &#039;MAX&#039;, ip: &#039;192.168.56.1&#039;, os.name: &#039;Windows 10&#039;, os.arch: &#039;amd64&#039;, os.version: &#039;10.0&#039;, java.version: &#039;14.0.1&#039;
Driver info: org.openqa.selenium.chrome.ChromeDriver
Capabilities {acceptInsecureCerts: false, browserName: chrome, browserVersion: 83.0.4103.116, chrome: {chromedriverVersion: 83.0.4103.39 (ccbf011cb2d2b..., userDataDir: C:\Users\max\AppData\Local\...}, goog:chromeOptions: {debuggerAddress: localhost:65509}, javascriptEnabled: true, networkConnectionEnabled: false, pageLoadStrategy: normal, platform: WINDOWS, platformName: WINDOWS, proxy: Proxy(), setWindowRect: true, strictFileInteractability: false, timeouts: {implicit: 0, pageLoad: 300000, script: 30000}, unhandledPromptBehavior: dismiss and notify, webauthn:virtualAuthenticators: true}
Session ID: 0ab1d86dc3f8e75a2d28d5b15c94da20" type="org.openqa.selenium.NoSuchWindowException">
      <![CDATA[org.openqa.selenium.NoSuchWindowException: no such window: target window already closed
from unknown error: web view not found
  (Session info: chrome=83.0.4103.116)
Build info: version: '4.0.0-alpha-5', revision: 'b3a0d621cc'
System info: host: 'MAX', ip: '192.168.56.1', os.name: 'Windows 10', os.arch: 'amd64', os.version: '10.0', java.version: '14.0.1'
Driver info: org.openqa.selenium.chrome.ChromeDriver
Capabilities {acceptInsecureCerts: false, browserName: chrome, browserVersion: 83.0.4103.116, chrome: {chromedriverVersion: 83.0.4103.39 (ccbf011cb2d2b..., userDataDir: C:\Users\max\AppData\Local\...}, goog:chromeOptions: {debuggerAddress: localhost:65509}, javascriptEnabled: true, networkConnectionEnabled: false, pageLoadStrategy: normal, platform: WINDOWS, platformName: WINDOWS, proxy: Proxy(), setWindowRect: true, strictFileInteractability: false, timeouts: {implicit: 0, pageLoad: 300000, script: 30000}, unhandledPromptBehavior: dismiss and notify, webauthn:virtualAuthenticators: true}
Session ID: 0ab1d86dc3f8e75a2d28d5b15c94da20
at java.base/jdk.internal.reflect.NativeConstructorAccessorImpl.newInstance0(Native Method)
at java.base/jdk.internal.reflect.NativeConstructorAccessorImpl.newInstance(NativeConstructorAccessorImpl.java:62)
at java.base/jdk.internal.reflect.DelegatingConstructorAccessorImpl.newInstance(DelegatingConstructorAccessorImpl.java:45)
at java.base/java.lang.reflect.Constructor.newInstanceWithCaller(Constructor.java:500)
at java.base/java.lang.reflect.Constructor.newInstance(Constructor.java:481)
at org.openqa.selenium.remote.codec.w3c.W3CHttpResponseCodec.createException(W3CHttpResponseCodec.java:196)
at org.openqa.selenium.remote.codec.w3c.W3CHttpResponseCodec.decode(W3CHttpResponseCodec.java:129)
at org.openqa.selenium.remote.codec.w3c.W3CHttpResponseCodec.decode(W3CHttpResponseCodec.java:53)
at org.openqa.selenium.remote.HttpCommandExecutor.execute(HttpCommandExecutor.java:161)
at org.openqa.selenium.remote.service.DriverCommandExecutor.execute(DriverCommandExecutor.java:83)
at org.openqa.selenium.remote.RemoteWebDriver.execute(RemoteWebDriver.java:582)
at org.openqa.selenium.remote.RemoteWebDriver.execute(RemoteWebDriver.java:639)
at org.openqa.selenium.remote.RemoteWebDriver.execute(RemoteWebDriver.java:643)
at org.openqa.selenium.remote.RemoteWebDriver.getScreenshotAs(RemoteWebDriver.java:303)
at utilities.Helper.captureScreenshotOnFailure(Helper.java:21)
at tests.TestBase.screenshotFailure(TestBase.java:64)
at jdk.internal.reflect.GeneratedMethodAccessor2.invoke(Unknown Source)
at java.base/jdk.internal.reflect.DelegatingMethodAccessorImpl.invoke(DelegatingMethodAccessorImpl.java:43)
at java.base/java.lang.reflect.Method.invoke(Method.java:564)
at org.testng.internal.MethodInvocationHelper.invokeMethod(MethodInvocationHelper.java:134)
at org.testng.internal.MethodInvocationHelper.invokeMethodConsideringTimeout(MethodInvocationHelper.java:63)
at org.testng.internal.ConfigInvoker.invokeConfigurationMethod(ConfigInvoker.java:348)
at org.testng.internal.ConfigInvoker.invokeConfigurations(ConfigInvoker.java:302)
at org.testng.internal.TestInvoker.runConfigMethods(TestInvoker.java:695)
at org.testng.internal.TestInvoker.runAfterGroupsConfigurations(TestInvoker.java:671)
at org.testng.internal.TestInvoker.invokeMethod(TestInvoker.java:655)
at org.testng.internal.TestInvoker.invokeTestMethod(TestInvoker.java:173)
at org.testng.internal.MethodRunner.runInSequence(MethodRunner.java:46)
at org.testng.internal.TestInvoker$MethodInvocationAgent.invoke(TestInvoker.java:816)
at org.testng.internal.TestInvoker.invokeTestMethods(TestInvoker.java:146)
at org.testng.internal.TestMethodWorker.invokeTestMethods(TestMethodWorker.java:146)
at org.testng.internal.TestMethodWorker.run(TestMethodWorker.java:128)
at java.base/java.util.ArrayList.forEach(ArrayList.java:1510)
at org.testng.TestRunner.privateRun(TestRunner.java:766)
at org.testng.TestRunner.run(TestRunner.java:587)
at org.testng.SuiteRunner.runTest(SuiteRunner.java:384)
at org.testng.SuiteRunner.runSequentially(SuiteRunner.java:378)
at org.testng.SuiteRunner.privateRun(SuiteRunner.java:337)
at org.testng.SuiteRunner.run(SuiteRunner.java:286)
at org.testng.SuiteRunnerWorker.runSuite(SuiteRunnerWorker.java:53)
at org.testng.SuiteRunnerWorker.run(SuiteRunnerWorker.java:96)
at org.testng.TestNG.runSuitesSequentially(TestNG.java:1187)
at org.testng.TestNG.runSuitesLocally(TestNG.java:1109)
at org.testng.TestNG.runSuites(TestNG.java:1039)
at org.testng.TestNG.run(TestNG.java:1007)
at org.testng.remote.AbstractRemoteTestNG.run(AbstractRemoteTestNG.java:115)
at org.testng.remote.RemoteTestNG.initAndRun(RemoteTestNG.java:251)
at org.testng.remote.RemoteTestNG.main(RemoteTestNG.java:77)
]]>
    </error>
  </testcase> <!-- screenshotFailure -->
  <system-out/>
  <testcase classname="tests.BE_UserGiudeTest" name="openAdminVideos1" time="0.000">
    <skipped/>
  </testcase> <!-- openAdminVideos1 -->
  <system-out/>
  <testcase classname="tests.BE_UserGiudeTest" name="openAdminVideos2" time="0.000">
    <skipped/>
  </testcase> <!-- openAdminVideos2 -->
  <system-out/>
  <testcase classname="tests.BE_UserGiudeTest" name="openAdminVideos3" time="0.000">
    <skipped/>
  </testcase> <!-- openAdminVideos3 -->
  <system-out/>
  <testcase classname="tests.BE_UserGiudeTest" name="openAdminVideos4" time="0.000">
    <skipped/>
  </testcase> <!-- openAdminVideos4 -->
  <system-out/>
  <testcase classname="tests.BE_UserGiudeTest" name="openAdminVideos5" time="0.000">
    <skipped/>
  </testcase> <!-- openAdminVideos5 -->
  <system-out/>
  <testcase classname="tests.BE_UserGiudeTest" name="openAdminVideos6" time="0.000">
    <skipped/>
  </testcase> <!-- openAdminVideos6 -->
  <system-out/>
  <testcase classname="tests.BE_UserGiudeTest" name="openAdminVideos7" time="0.000">
    <skipped/>
  </testcase> <!-- openAdminVideos7 -->
  <system-out/>
  <testcase classname="tests.BE_UserGiudeTest" name="openAdminVideos8" time="0.000">
    <skipped/>
  </testcase> <!-- openAdminVideos8 -->
  <system-out/>
  <testcase classname="tests.BE_UserGiudeTest" name="openAdminVideos9" time="0.000">
    <skipped/>
  </testcase> <!-- openAdminVideos9 -->
  <system-out/>
  <testcase classname="tests.BE_UserGiudeTest" name="openAdminVideos10" time="0.000">
    <skipped/>
  </testcase> <!-- openAdminVideos10 -->
  <system-out/>
  <testcase classname="tests.BE_UserGiudeTest" name="openAdminVideos11" time="0.000">
    <skipped/>
  </testcase> <!-- openAdminVideos11 -->
  <system-out/>
  <testcase classname="tests.BE_UserGiudeTest" name="openEducatorsVideos1" time="0.000">
    <skipped/>
  </testcase> <!-- openEducatorsVideos1 -->
  <system-out/>
  <testcase classname="tests.BE_UserGiudeTest" name="openEducatorsVideos2" time="0.000">
    <skipped/>
  </testcase> <!-- openEducatorsVideos2 -->
  <system-out/>
  <testcase classname="tests.BE_UserGiudeTest" name="openEducatorsVideos3" time="0.001">
    <skipped/>
  </testcase> <!-- openEducatorsVideos3 -->
  <system-out/>
  <testcase classname="tests.BE_UserGiudeTest" name="openEducatorsVideos4" time="0.000">
    <skipped/>
  </testcase> <!-- openEducatorsVideos4 -->
  <system-out/>
  <testcase classname="tests.BE_UserGiudeTest" name="openEducatorsVideos5" time="0.000">
    <skipped/>
  </testcase> <!-- openEducatorsVideos5 -->
  <system-out/>
  <testcase classname="tests.BE_UserGiudeTest" name="openEducatorsVideos6" time="0.000">
    <skipped/>
  </testcase> <!-- openEducatorsVideos6 -->
  <system-out/>
  <testcase classname="tests.BE_UserGiudeTest" name="openEducatorsVideos7" time="0.000">
    <skipped/>
  </testcase> <!-- openEducatorsVideos7 -->
  <system-out/>
  <testcase classname="tests.BE_UserGiudeTest" name="openEducatorsVideos8" time="0.000">
    <skipped/>
  </testcase> <!-- openEducatorsVideos8 -->
  <system-out/>
  <testcase classname="tests.BE_UserGiudeTest" name="openEducatorsVideos9" time="0.000">
    <skipped/>
  </testcase> <!-- openEducatorsVideos9 -->
  <system-out/>
  <testcase classname="tests.BE_UserGiudeTest" name="openEducatorsVideos10" time="0.000">
    <skipped/>
  </testcase> <!-- openEducatorsVideos10 -->
  <system-out/>
  <testcase classname="tests.BE_UserGiudeTest" name="openstudentVideos1" time="0.000">
    <skipped/>
  </testcase> <!-- openstudentVideos1 -->
  <system-out/>
  <testcase classname="tests.BE_UserGiudeTest" name="openstudentVideos2" time="0.000">
    <skipped/>
  </testcase> <!-- openstudentVideos2 -->
  <system-out/>
  <testcase classname="tests.BE_UserGiudeTest" name="openstudentVideos3" time="0.000">
    <skipped/>
  </testcase> <!-- openstudentVideos3 -->
  <system-out/>
  <testcase classname="tests.BE_UserGiudeTest" name="openstudentVideos4" time="0.000">
    <skipped/>
  </testcase> <!-- openstudentVideos4 -->
  <system-out/>
  <testcase classname="tests.BE_UserGiudeTest" name="openstudentVideos5" time="0.000">
    <skipped/>
  </testcase> <!-- openstudentVideos5 -->
  <system-out/>
  <testcase classname="tests.BE_UserGiudeTest" name="openstudentVideos6" time="0.000">
    <skipped/>
  </testcase> <!-- openstudentVideos6 -->
  <system-out/>
</testsuite> <!-- tests.BE_UserGiudeTest -->
